[0.329s] DEBUG:colcon:Command line arguments: ['/usr/bin/colcon', 'list', '-p', '--base-paths', '/home/eight/Project/ros2-unity-turtlebot3']
[0.329s] DEBUG:colcon:Parsed command line arguments: Namespace(allow_overriding=[], base_paths=['/home/eight/Project/ros2-unity-turtlebot3'], build_base='build', ignore_user_meta=False, log_base=None, log_level=None, main=<bound method ListVerb.main of <colcon_package_information.verb.list.ListVerb object at 0x7f98354d8340>>, metas=['./colcon.meta'], names_only=False, packages_above=None, packages_above_and_dependencies=None, packages_above_depth=None, packages_end=None, packages_ignore=None, packages_ignore_regex=None, packages_select=None, packages_select_build_failed=False, packages_select_by_dep=None, packages_select_regex=None, packages_select_test_failures=False, packages_skip=None, packages_skip_build_finished=False, packages_skip_by_dep=None, packages_skip_regex=None, packages_skip_test_passed=False, packages_skip_up_to=None, packages_start=None, packages_up_to=None, packages_up_to_regex=None, paths=None, paths_only=True, topological_graph=False, topological_graph_density=False, topological_graph_dot=False, topological_graph_dot_cluster=False, topological_graph_dot_include_skipped=False, topological_graph_legend=False, topological_order=False, verb_extension=<colcon_package_information.verb.list.ListVerb object at 0x7f98354d8340>, verb_name='list', verb_parser=<colcon_defaults.argument_parser.defaults.DefaultArgumentsDecorator object at 0x7f98354691c0>)
[0.368s] Level 1:colcon.colcon_core.package_discovery:discover_packages(colcon_meta) check parameters
[0.368s] Level 1:colcon.colcon_core.package_discovery:discover_packages(recursive) check parameters
[0.368s] Level 1:colcon.colcon_core.package_discovery:discover_packages(ignore) check parameters
[0.368s] Level 1:colcon.colcon_core.package_discovery:discover_packages(path) check parameters
[0.368s] Level 1:colcon.colcon_core.package_discovery:discover_packages(recursive) discover
[0.368s] INFO:colcon.colcon_core.package_discovery:Crawling recursively for packages in '/home/eight/Project/ros2-unity-turtlebot3'
[0.368s] Level 1:colcon.colcon_core.package_identification:_identify(/home/eight/Project/ros2-unity-turtlebot3) by extensions ['ignore', 'ignore_ament_install']
[0.369s] Level 1:colcon.colcon_core.package_identification:_identify(/home/eight/Project/ros2-unity-turtlebot3) by extension 'ignore'
[0.369s] Level 1:colcon.colcon_core.package_identification:_identify(/home/eight/Project/ros2-unity-turtlebot3) by extension 'ignore_ament_install'
[0.369s] Level 1:colcon.colcon_core.package_identification:_identify(/home/eight/Project/ros2-unity-turtlebot3) by extensions ['colcon_pkg']
[0.369s] Level 1:colcon.colcon_core.package_identification:_identify(/home/eight/Project/ros2-unity-turtlebot3) by extension 'colcon_pkg'
[0.369s] Level 1:colcon.colcon_core.package_identification:_identify(/home/eight/Project/ros2-unity-turtlebot3) by extensions ['colcon_meta']
[0.369s] Level 1:colcon.colcon_core.package_identification:_identify(/home/eight/Project/ros2-unity-turtlebot3) by extension 'colcon_meta'
[0.369s] Level 1:colcon.colcon_core.package_identification:_identify(/home/eight/Project/ros2-unity-turtlebot3) by extensions ['ros']
[0.369s] Level 1:colcon.colcon_core.package_identification:_identify(/home/eight/Project/ros2-unity-turtlebot3) by extension 'ros'
[0.383s] Level 1:colcon.colcon_core.package_identification:_identify(/home/eight/Project/ros2-unity-turtlebot3) by extensions ['cmake', 'python']
[0.383s] Level 1:colcon.colcon_core.package_identification:_identify(/home/eight/Project/ros2-unity-turtlebot3) by extension 'cmake'
[0.383s] Level 1:colcon.colcon_core.package_identification:_identify(/home/eight/Project/ros2-unity-turtlebot3) by extension 'python'
[0.383s] Level 1:colcon.colcon_core.package_identification:_identify(/home/eight/Project/ros2-unity-turtlebot3) by extensions ['python_setup_py']
[0.383s] Level 1:colcon.colcon_core.package_identification:_identify(/home/eight/Project/ros2-unity-turtlebot3) by extension 'python_setup_py'
[0.383s] Level 1:colcon.colcon_core.package_identification:_identify(/home/eight/Project/ros2-unity-turtlebot3/image) by extensions ['ignore', 'ignore_ament_install']
[0.383s] Level 1:colcon.colcon_core.package_identification:_identify(/home/eight/Project/ros2-unity-turtlebot3/image) by extension 'ignore'
[0.383s] Level 1:colcon.colcon_core.package_identification:_identify(/home/eight/Project/ros2-unity-turtlebot3/image) by extension 'ignore_ament_install'
[0.383s] Level 1:colcon.colcon_core.package_identification:_identify(/home/eight/Project/ros2-unity-turtlebot3/image) by extensions ['colcon_pkg']
[0.383s] Level 1:colcon.colcon_core.package_identification:_identify(/home/eight/Project/ros2-unity-turtlebot3/image) by extension 'colcon_pkg'
[0.383s] Level 1:colcon.colcon_core.package_identification:_identify(/home/eight/Project/ros2-unity-turtlebot3/image) by extensions ['colcon_meta']
[0.383s] Level 1:colcon.colcon_core.package_identification:_identify(/home/eight/Project/ros2-unity-turtlebot3/image) by extension 'colcon_meta'
[0.383s] Level 1:colcon.colcon_core.package_identification:_identify(/home/eight/Project/ros2-unity-turtlebot3/image) by extensions ['ros']
[0.383s] Level 1:colcon.colcon_core.package_identification:_identify(/home/eight/Project/ros2-unity-turtlebot3/image) by extension 'ros'
[0.383s] Level 1:colcon.colcon_core.package_identification:_identify(/home/eight/Project/ros2-unity-turtlebot3/image) by extensions ['cmake', 'python']
[0.383s] Level 1:colcon.colcon_core.package_identification:_identify(/home/eight/Project/ros2-unity-turtlebot3/image) by extension 'cmake'
[0.383s] Level 1:colcon.colcon_core.package_identification:_identify(/home/eight/Project/ros2-unity-turtlebot3/image) by extension 'python'
[0.383s] Level 1:colcon.colcon_core.package_identification:_identify(/home/eight/Project/ros2-unity-turtlebot3/image) by extensions ['python_setup_py']
[0.383s] Level 1:colcon.colcon_core.package_identification:_identify(/home/eight/Project/ros2-unity-turtlebot3/image) by extension 'python_setup_py'
[0.384s] Level 1:colcon.colcon_core.package_identification:_identify(/home/eight/Project/ros2-unity-turtlebot3/log) by extensions ['ignore', 'ignore_ament_install']
[0.384s] Level 1:colcon.colcon_core.package_identification:_identify(/home/eight/Project/ros2-unity-turtlebot3/log) by extension 'ignore'
[0.384s] Level 1:colcon.colcon_core.package_identification:_identify(/home/eight/Project/ros2-unity-turtlebot3/log) ignored
[0.384s] Level 1:colcon.colcon_core.package_identification:_identify(/home/eight/Project/ros2-unity-turtlebot3/src) by extensions ['ignore', 'ignore_ament_install']
[0.384s] Level 1:colcon.colcon_core.package_identification:_identify(/home/eight/Project/ros2-unity-turtlebot3/src) by extension 'ignore'
[0.384s] Level 1:colcon.colcon_core.package_identification:_identify(/home/eight/Project/ros2-unity-turtlebot3/src) by extension 'ignore_ament_install'
[0.384s] Level 1:colcon.colcon_core.package_identification:_identify(/home/eight/Project/ros2-unity-turtlebot3/src) by extensions ['colcon_pkg']
[0.384s] Level 1:colcon.colcon_core.package_identification:_identify(/home/eight/Project/ros2-unity-turtlebot3/src) by extension 'colcon_pkg'
[0.384s] Level 1:colcon.colcon_core.package_identification:_identify(/home/eight/Project/ros2-unity-turtlebot3/src) by extensions ['colcon_meta']
[0.384s] Level 1:colcon.colcon_core.package_identification:_identify(/home/eight/Project/ros2-unity-turtlebot3/src) by extension 'colcon_meta'
[0.384s] Level 1:colcon.colcon_core.package_identification:_identify(/home/eight/Project/ros2-unity-turtlebot3/src) by extensions ['ros']
[0.384s] Level 1:colcon.colcon_core.package_identification:_identify(/home/eight/Project/ros2-unity-turtlebot3/src) by extension 'ros'
[0.384s] Level 1:colcon.colcon_core.package_identification:_identify(/home/eight/Project/ros2-unity-turtlebot3/src) by extensions ['cmake', 'python']
[0.384s] Level 1:colcon.colcon_core.package_identification:_identify(/home/eight/Project/ros2-unity-turtlebot3/src) by extension 'cmake'
[0.384s] Level 1:colcon.colcon_core.package_identification:_identify(/home/eight/Project/ros2-unity-turtlebot3/src) by extension 'python'
[0.384s] Level 1:colcon.colcon_core.package_identification:_identify(/home/eight/Project/ros2-unity-turtlebot3/src) by extensions ['python_setup_py']
[0.384s] Level 1:colcon.colcon_core.package_identification:_identify(/home/eight/Project/ros2-unity-turtlebot3/src) by extension 'python_setup_py'
[0.384s] Level 1:colcon.colcon_core.package_identification:_identify(/home/eight/Project/ros2-unity-turtlebot3/src/ROS-TCP-Endpoint) by extensions ['ignore', 'ignore_ament_install']
[0.385s] Level 1:colcon.colcon_core.package_identification:_identify(/home/eight/Project/ros2-unity-turtlebot3/src/ROS-TCP-Endpoint) by extension 'ignore'
[0.385s] Level 1:colcon.colcon_core.package_identification:_identify(/home/eight/Project/ros2-unity-turtlebot3/src/ROS-TCP-Endpoint) by extension 'ignore_ament_install'
[0.385s] Level 1:colcon.colcon_core.package_identification:_identify(/home/eight/Project/ros2-unity-turtlebot3/src/ROS-TCP-Endpoint) by extensions ['colcon_pkg']
[0.385s] Level 1:colcon.colcon_core.package_identification:_identify(/home/eight/Project/ros2-unity-turtlebot3/src/ROS-TCP-Endpoint) by extension 'colcon_pkg'
[0.385s] Level 1:colcon.colcon_core.package_identification:_identify(/home/eight/Project/ros2-unity-turtlebot3/src/ROS-TCP-Endpoint) by extensions ['colcon_meta']
[0.385s] Level 1:colcon.colcon_core.package_identification:_identify(/home/eight/Project/ros2-unity-turtlebot3/src/ROS-TCP-Endpoint) by extension 'colcon_meta'
[0.385s] Level 1:colcon.colcon_core.package_identification:_identify(/home/eight/Project/ros2-unity-turtlebot3/src/ROS-TCP-Endpoint) by extensions ['ros']
[0.385s] Level 1:colcon.colcon_core.package_identification:_identify(/home/eight/Project/ros2-unity-turtlebot3/src/ROS-TCP-Endpoint) by extension 'ros'
[0.387s] DEBUG:colcon.colcon_core.package_identification:Package '/home/eight/Project/ros2-unity-turtlebot3/src/ROS-TCP-Endpoint' with type 'ros.ament_python' and name 'ros_tcp_endpoint'
[0.387s] Level 1:colcon.colcon_core.package_identification:_identify(/home/eight/Project/ros2-unity-turtlebot3/src/unity_slam_example) by extensions ['ignore', 'ignore_ament_install']
[0.387s] Level 1:colcon.colcon_core.package_identification:_identify(/home/eight/Project/ros2-unity-turtlebot3/src/unity_slam_example) by extension 'ignore'
[0.387s] Level 1:colcon.colcon_core.package_identification:_identify(/home/eight/Project/ros2-unity-turtlebot3/src/unity_slam_example) by extension 'ignore_ament_install'
[0.387s] Level 1:colcon.colcon_core.package_identification:_identify(/home/eight/Project/ros2-unity-turtlebot3/src/unity_slam_example) by extensions ['colcon_pkg']
[0.387s] Level 1:colcon.colcon_core.package_identification:_identify(/home/eight/Project/ros2-unity-turtlebot3/src/unity_slam_example) by extension 'colcon_pkg'
[0.387s] Level 1:colcon.colcon_core.package_identification:_identify(/home/eight/Project/ros2-unity-turtlebot3/src/unity_slam_example) by extensions ['colcon_meta']
[0.387s] Level 1:colcon.colcon_core.package_identification:_identify(/home/eight/Project/ros2-unity-turtlebot3/src/unity_slam_example) by extension 'colcon_meta'
[0.387s] Level 1:colcon.colcon_core.package_identification:_identify(/home/eight/Project/ros2-unity-turtlebot3/src/unity_slam_example) by extensions ['ros']
[0.387s] Level 1:colcon.colcon_core.package_identification:_identify(/home/eight/Project/ros2-unity-turtlebot3/src/unity_slam_example) by extension 'ros'
[0.388s] DEBUG:colcon.colcon_core.package_identification:Package '/home/eight/Project/ros2-unity-turtlebot3/src/unity_slam_example' with type 'ros.ament_python' and name 'unity_slam_example'
[0.388s] Level 1:colcon.colcon_core.package_discovery:discover_packages(recursive) using defaults
